[{"line":2,"elements":[{"line":4,"name":"Sign In Medunna","description":"","type":"background","keyword":"Background","steps":[{"result":{"duration":36601015700,"status":"passed"},"line":5,"name":"user is on \"https://medunna.com/\" page","match":{"arguments":[{"val":"\"https://medunna.com/\"","offset":11}],"location":"stepdefinitions.DataTablesStepDefinitions.user_is_on_page(java.lang.String)"},"keyword":"Given "},{"result":{"error_message":"io.cucumber.core.exception.CucumberException: Failed to instantiate class stepdefinitions.MedunnaSignInStepDefinitions\r\n\tat io.cucumber.core.backend.DefaultObjectFactory.cacheNewInstance(DefaultObjectFactory.java:67)\r\n\tat io.cucumber.core.backend.DefaultObjectFactory.getInstance(DefaultObjectFactory.java:45)\r\n\tat io.cucumber.java.AbstractGlueDefinition.invokeMethod(AbstractGlueDefinition.java:47)\r\n\tat io.cucumber.java.JavaStepDefinition.execute(JavaStepDefinition.java:29)\r\n\tat io.cucumber.core.runner.CoreStepDefinition.execute(CoreStepDefinition.java:66)\r\n\tat io.cucumber.core.runner.PickleStepDefinitionMatch.runStep(PickleStepDefinitionMatch.java:63)\r\n\tat io.cucumber.core.runner.ExecutionMode$1.execute(ExecutionMode.java:10)\r\n\tat io.cucumber.core.runner.TestStep.executeStep(TestStep.java:84)\r\n\tat io.cucumber.core.runner.TestStep.run(TestStep.java:56)\r\n\tat io.cucumber.core.runner.PickleStepTestStep.run(PickleStepTestStep.java:51)\r\n\tat io.cucumber.core.runner.TestCase.run(TestCase.java:84)\r\n\tat io.cucumber.core.runner.Runner.runPickle(Runner.java:75)\r\n\tat io.cucumber.junit.PickleRunners$NoStepDescriptions.lambda$run$0(PickleRunners.java:151)\r\n\tat io.cucumber.core.runtime.CucumberExecutionContext.lambda$runTestCase$5(CucumberExecutionContext.java:130)\r\n\tat io.cucumber.core.runtime.RethrowingThrowableCollector.executeAndThrow(RethrowingThrowableCollector.java:23)\r\n\tat io.cucumber.core.runtime.CucumberExecutionContext.runTestCase(CucumberExecutionContext.java:130)\r\n\tat io.cucumber.junit.PickleRunners$NoStepDescriptions.run(PickleRunners.java:148)\r\n\tat io.cucumber.junit.FeatureRunner.runChild(FeatureRunner.java:144)\r\n\tat io.cucumber.junit.FeatureRunner.runChild(FeatureRunner.java:28)\r\n\tat org.junit.runners.ParentRunner$4.run(ParentRunner.java:331)\r\n\tat org.junit.runners.ParentRunner$1.schedule(ParentRunner.java:79)\r\n\tat org.junit.runners.ParentRunner.runChildren(ParentRunner.java:329)\r\n\tat org.junit.runners.ParentRunner.access$100(ParentRunner.java:66)\r\n\tat org.junit.runners.ParentRunner$2.evaluate(ParentRunner.java:293)\r\n\tat org.junit.runners.ParentRunner$3.evaluate(ParentRunner.java:306)\r\n\tat org.junit.runners.ParentRunner.run(ParentRunner.java:413)\r\n\tat io.cucumber.junit.FeatureRunner.run(FeatureRunner.java:137)\r\n\tat io.cucumber.junit.Cucumber.runChild(Cucumber.java:196)\r\n\tat io.cucumber.junit.Cucumber.runChild(Cucumber.java:89)\r\n\tat org.junit.runners.ParentRunner$4.run(ParentRunner.java:331)\r\n\tat org.junit.runners.ParentRunner$1.schedule(ParentRunner.java:79)\r\n\tat org.junit.runners.ParentRunner.runChildren(ParentRunner.java:329)\r\n\tat org.junit.runners.ParentRunner.access$100(ParentRunner.java:66)\r\n\tat org.junit.runners.ParentRunner$2.evaluate(ParentRunner.java:293)\r\n\tat io.cucumber.junit.Cucumber$RunBeforeAllHooks.evaluate(Cucumber.java:266)\r\n\tat io.cucumber.junit.Cucumber$RunAfterAllHooks.evaluate(Cucumber.java:281)\r\n\tat io.cucumber.junit.Cucumber$StartTestRun.evaluate(Cucumber.java:233)\r\n\tat io.cucumber.junit.Cucumber$FinishTestRun.evaluate(Cucumber.java:248)\r\n\tat org.junit.runners.ParentRunner$3.evaluate(ParentRunner.java:306)\r\n\tat org.junit.runners.ParentRunner.run(ParentRunner.java:413)\r\n\tat org.junit.runner.JUnitCore.run(JUnitCore.java:137)\r\n\tat com.intellij.junit4.JUnit4IdeaTestRunner.startRunnerWithArgs(JUnit4IdeaTestRunner.java:69)\r\n\tat com.intellij.rt.junit.IdeaTestRunner$Repeater$1.execute(IdeaTestRunner.java:38)\r\n\tat com.intellij.rt.execution.junit.TestsRepeater.repeat(TestsRepeater.java:11)\r\n\tat com.intellij.rt.junit.IdeaTestRunner$Repeater.startRunnerWithArgs(IdeaTestRunner.java:35)\r\n\tat com.intellij.rt.junit.JUnitStarter.prepareStreamsAndStart(JUnitStarter.java:235)\r\n\tat com.intellij.rt.junit.JUnitStarter.main(JUnitStarter.java:54)\r\nCaused by: java.lang.reflect.InvocationTargetException\r\n\tat java.base/jdk.internal.reflect.DirectConstructorHandleAccessor.newInstance(DirectConstructorHandleAccessor.java:79)\r\n\tat java.base/java.lang.reflect.Constructor.newInstanceWithCaller(Constructor.java:499)\r\n\tat java.base/java.lang.reflect.Constructor.newInstance(Constructor.java:483)\r\n\tat io.cucumber.core.backend.DefaultObjectFactory.cacheNewInstance(DefaultObjectFactory.java:53)\r\n\t... 46 more\r\nCaused by: org.openqa.selenium.NoSuchWindowException: no such window: target window already closed\nfrom unknown error: web view not found\n  (Session info: chrome=109.0.5414.120)\nBuild info: version: '4.7.2', revision: '4d4020c3b7'\nSystem info: os.name: 'Windows 10', os.arch: 'amd64', os.version: '10.0', java.version: '18.0.2'\nDriver info: org.openqa.selenium.chrome.ChromeDriver\nCommand: [2fbc9bb52b92e6db1570376a3e04a822, maximizeCurrentWindow {}]\nCapabilities {acceptInsecureCerts: false, browserName: chrome, browserVersion: 109.0.5414.120, chrome: {chromedriverVersion: 109.0.5414.74 (e7c5703604da..., userDataDir: C:\\Users\\SAMSUNG\\AppData\\Lo...}, goog:chromeOptions: {debuggerAddress: localhost:54971}, networkConnectionEnabled: false, pageLoadStrategy: normal, platformName: WINDOWS, proxy: Proxy(), se:cdp: ws://localhost:54971/devtoo..., se:cdpVersion: 109.0.5414.120, setWindowRect: true, strictFileInteractability: false, timeouts: {implicit: 0, pageLoad: 300000, script: 30000}, unhandledPromptBehavior: dismiss and notify, webauthn:extension:credBlob: true, webauthn:extension:largeBlob: true, webauthn:virtualAuthenticators: true}\nSession ID: 2fbc9bb52b92e6db1570376a3e04a822\r\n\tat java.base/jdk.internal.reflect.DirectConstructorHandleAccessor.newInstance(DirectConstructorHandleAccessor.java:67)\r\n\tat java.base/java.lang.reflect.Constructor.newInstanceWithCaller(Constructor.java:499)\r\n\tat java.base/java.lang.reflect.Constructor.newInstance(Constructor.java:483)\r\n\tat org.openqa.selenium.remote.codec.w3c.W3CHttpResponseCodec.createException(W3CHttpResponseCodec.java:200)\r\n\tat org.openqa.selenium.remote.codec.w3c.W3CHttpResponseCodec.decode(W3CHttpResponseCodec.java:133)\r\n\tat org.openqa.selenium.remote.codec.w3c.W3CHttpResponseCodec.decode(W3CHttpResponseCodec.java:53)\r\n\tat org.openqa.selenium.remote.HttpCommandExecutor.execute(HttpCommandExecutor.java:184)\r\n\tat org.openqa.selenium.remote.service.DriverCommandExecutor.invokeExecute(DriverCommandExecutor.java:167)\r\n\tat org.openqa.selenium.remote.service.DriverCommandExecutor.execute(DriverCommandExecutor.java:142)\r\n\tat org.openqa.selenium.remote.RemoteWebDriver.execute(RemoteWebDriver.java:535)\r\n\tat org.openqa.selenium.remote.RemoteWebDriver.execute(RemoteWebDriver.java:590)\r\n\tat org.openqa.selenium.remote.RemoteWebDriver.execute(RemoteWebDriver.java:594)\r\n\tat org.openqa.selenium.remote.RemoteWebDriver$RemoteWebDriverOptions$RemoteWindow.maximize(RemoteWebDriver.java:946)\r\n\tat utilities.Driver.getDriver(Driver.java:51)\r\n\tat pages.MedunnaHomePage.<init>(MedunnaHomePage.java:12)\r\n\tat stepdefinitions.MedunnaSignInStepDefinitions.<init>(MedunnaSignInStepDefinitions.java:10)\r\n\tat java.base/jdk.internal.reflect.DirectConstructorHandleAccessor.newInstance(DirectConstructorHandleAccessor.java:67)\r\n\t... 49 more\r\n","duration":77951500,"status":"failed"},"line":6,"name":"click on user icon","match":{"location":"stepdefinitions.MedunnaSignInStepDefinitions.click_on_user_icon()"},"keyword":"When "},{"result":{"status":"skipped"},"line":7,"name":"click on Sign In option","match":{"location":"stepdefinitions.MedunnaSignInStepDefinitions.click_on_sign_in_option()"},"keyword":"And "},{"result":{"status":"skipped"},"line":8,"name":"enter \"john_doe\" in Username input","match":{"arguments":[{"val":"\"john_doe\"","offset":6}],"location":"stepdefinitions.MedunnaSignInStepDefinitions.enter_in_username_input(java.lang.String)"},"keyword":"And "},{"result":{"status":"skipped"},"line":9,"name":"enter \"John.123\" in Password input","match":{"arguments":[{"val":"\"John.123\"","offset":6}],"location":"stepdefinitions.MedunnaSignInStepDefinitions.enter_in_password_input(java.lang.String)"},"keyword":"And "},{"result":{"duration":999200,"status":"skipped"},"line":10,"name":"click on Remember Me checkbox","match":{"location":"stepdefinitions.MedunnaSignInStepDefinitions.click_on_remember_me_checkbox()"},"keyword":"And "},{"result":{"status":"skipped"},"line":11,"name":"click on Sign In submit button","match":{"location":"stepdefinitions.MedunnaSignInStepDefinitions.click_on_sign_in_submit_button()"},"keyword":"And "}]},{"start_timestamp":"2023-01-27T17:55:38.868Z","before":[{"result":{"duration":3997200,"status":"passed"},"match":{"location":"hooks.Hooks.setUpScenario()"}}],"line":28,"name":"Create Room","description":"","id":"medunna-room-creation;create-room;;2","after":[{"result":{"error_message":"org.openqa.selenium.NoSuchWindowException: no such window: target window already closed\nfrom unknown error: web view not found\n  (Session info: chrome=109.0.5414.120)\nBuild info: version: '4.7.2', revision: '4d4020c3b7'\nSystem info: os.name: 'Windows 10', os.arch: 'amd64', os.version: '10.0', java.version: '18.0.2'\nDriver info: org.openqa.selenium.chrome.ChromeDriver\nCommand: [2fbc9bb52b92e6db1570376a3e04a822, maximizeCurrentWindow {}]\nCapabilities {acceptInsecureCerts: false, browserName: chrome, browserVersion: 109.0.5414.120, chrome: {chromedriverVersion: 109.0.5414.74 (e7c5703604da..., userDataDir: C:\\Users\\SAMSUNG\\AppData\\Lo...}, goog:chromeOptions: {debuggerAddress: localhost:54971}, networkConnectionEnabled: false, pageLoadStrategy: normal, platformName: WINDOWS, proxy: Proxy(), se:cdp: ws://localhost:54971/devtoo..., se:cdpVersion: 109.0.5414.120, setWindowRect: true, strictFileInteractability: false, timeouts: {implicit: 0, pageLoad: 300000, script: 30000}, unhandledPromptBehavior: dismiss and notify, webauthn:extension:credBlob: true, webauthn:extension:largeBlob: true, webauthn:virtualAuthenticators: true}\nSession ID: 2fbc9bb52b92e6db1570376a3e04a822\r\n\tat java.base/jdk.internal.reflect.DirectConstructorHandleAccessor.newInstance(DirectConstructorHandleAccessor.java:67)\r\n\tat java.base/java.lang.reflect.Constructor.newInstanceWithCaller(Constructor.java:499)\r\n\tat java.base/java.lang.reflect.Constructor.newInstance(Constructor.java:483)\r\n\tat org.openqa.selenium.remote.codec.w3c.W3CHttpResponseCodec.createException(W3CHttpResponseCodec.java:200)\r\n\tat org.openqa.selenium.remote.codec.w3c.W3CHttpResponseCodec.decode(W3CHttpResponseCodec.java:133)\r\n\tat org.openqa.selenium.remote.codec.w3c.W3CHttpResponseCodec.decode(W3CHttpResponseCodec.java:53)\r\n\tat org.openqa.selenium.remote.HttpCommandExecutor.execute(HttpCommandExecutor.java:184)\r\n\tat org.openqa.selenium.remote.service.DriverCommandExecutor.invokeExecute(DriverCommandExecutor.java:167)\r\n\tat org.openqa.selenium.remote.service.DriverCommandExecutor.execute(DriverCommandExecutor.java:142)\r\n\tat org.openqa.selenium.remote.RemoteWebDriver.execute(RemoteWebDriver.java:535)\r\n\tat org.openqa.selenium.remote.RemoteWebDriver.execute(RemoteWebDriver.java:590)\r\n\tat org.openqa.selenium.remote.RemoteWebDriver.execute(RemoteWebDriver.java:594)\r\n\tat org.openqa.selenium.remote.RemoteWebDriver$RemoteWebDriverOptions$RemoteWindow.maximize(RemoteWebDriver.java:946)\r\n\tat utilities.Driver.getDriver(Driver.java:51)\r\n\tat hooks.Hooks.tearDownScenario(Hooks.java:23)\r\n","duration":21986800,"status":"failed"},"match":{"location":"hooks.Hooks.tearDownScenario(io.cucumber.java.Scenario)"}}],"type":"scenario","keyword":"Scenario Outline","steps":[{"result":{"status":"skipped"},"line":14,"name":"click on Items&Titles","match":{"location":"stepdefinitions.MedunnaRoomStepDefinitions.click_on_items_titles()"},"keyword":"And "},{"result":{"status":"skipped"},"line":15,"name":"click on Room option","match":{"location":"stepdefinitions.MedunnaRoomStepDefinitions.click_on_room_option()"},"keyword":"And "},{"result":{"status":"skipped"},"line":16,"name":"click on Create a new room button","match":{"location":"stepdefinitions.MedunnaRoomStepDefinitions.click_on_create_a_new_room_button()"},"keyword":"And "},{"result":{"status":"skipped"},"line":17,"name":"enter \"11111\" room number input","match":{"arguments":[{"val":"\"11111\"","offset":6}],"location":"stepdefinitions.MedunnaRoomStepDefinitions.enterRoomNumberInput(java.lang.String)"},"keyword":"And "},{"result":{"status":"skipped"},"line":18,"name":"select Suite option from Room Type dropdown","match":{"location":"stepdefinitions.MedunnaRoomStepDefinitions.select_suite_option_from_room_type_dropdown()"},"keyword":"And "},{"result":{"status":"skipped"},"line":19,"name":"click on Status checkbox","match":{"location":"stepdefinitions.MedunnaRoomStepDefinitions.click_on_status_checkbox()"},"keyword":"And "},{"result":{"status":"skipped"},"line":20,"name":"enter \"123\" in Price input","match":{"arguments":[{"val":"\"123\"","offset":6}],"location":"stepdefinitions.MedunnaRoomStepDefinitions.enter_in_price_input(java.lang.String)"},"keyword":"And "},{"result":{"status":"skipped"},"line":21,"name":"enter \"good\"> in Description input","match":{"arguments":[{"val":"\"good\"","offset":6}],"location":"stepdefinitions.MedunnaRoomStepDefinitions.enter_in_description_input(java.lang.String)"},"keyword":"And "},{"result":{"status":"skipped"},"line":22,"name":"click on Save button","match":{"location":"stepdefinitions.MedunnaRoomStepDefinitions.click_on_save_button()"},"keyword":"And "},{"result":{"duration":998600,"status":"skipped"},"line":23,"name":"click on Created Date","match":{"location":"stepdefinitions.MedunnaRoomStepDefinitions.click_on_created_date()"},"keyword":"And "},{"result":{"status":"skipped"},"line":24,"name":"assert that room is created via \"11111\"","match":{"arguments":[{"val":"\"11111\"","offset":32}],"location":"stepdefinitions.MedunnaRoomStepDefinitions.assert_that_room_is_created_via(java.lang.String)"},"keyword":"Then "},{"result":{"status":"skipped"},"line":25,"name":"close the application","match":{"location":"stepdefinitions.GoogleStepDefinitions.close_the_application()"},"keyword":"And "}],"tags":[{"name":"@MedunnaRoom"}]},{"line":4,"name":"Sign In Medunna","description":"","type":"background","keyword":"Background","steps":[{"result":{"error_message":"io.cucumber.core.exception.CucumberException: Failed to instantiate class stepdefinitions.DataTablesStepDefinitions\r\n\tat io.cucumber.core.backend.DefaultObjectFactory.cacheNewInstance(DefaultObjectFactory.java:67)\r\n\tat io.cucumber.core.backend.DefaultObjectFactory.getInstance(DefaultObjectFactory.java:45)\r\n\tat io.cucumber.java.AbstractGlueDefinition.invokeMethod(AbstractGlueDefinition.java:47)\r\n\tat io.cucumber.java.JavaStepDefinition.execute(JavaStepDefinition.java:29)\r\n\tat io.cucumber.core.runner.CoreStepDefinition.execute(CoreStepDefinition.java:66)\r\n\tat io.cucumber.core.runner.PickleStepDefinitionMatch.runStep(PickleStepDefinitionMatch.java:63)\r\n\tat io.cucumber.core.runner.ExecutionMode$1.execute(ExecutionMode.java:10)\r\n\tat io.cucumber.core.runner.TestStep.executeStep(TestStep.java:84)\r\n\tat io.cucumber.core.runner.TestStep.run(TestStep.java:56)\r\n\tat io.cucumber.core.runner.PickleStepTestStep.run(PickleStepTestStep.java:51)\r\n\tat io.cucumber.core.runner.TestCase.run(TestCase.java:84)\r\n\tat io.cucumber.core.runner.Runner.runPickle(Runner.java:75)\r\n\tat io.cucumber.junit.PickleRunners$NoStepDescriptions.lambda$run$0(PickleRunners.java:151)\r\n\tat io.cucumber.core.runtime.CucumberExecutionContext.lambda$runTestCase$5(CucumberExecutionContext.java:130)\r\n\tat io.cucumber.core.runtime.RethrowingThrowableCollector.executeAndThrow(RethrowingThrowableCollector.java:23)\r\n\tat io.cucumber.core.runtime.CucumberExecutionContext.runTestCase(CucumberExecutionContext.java:130)\r\n\tat io.cucumber.junit.PickleRunners$NoStepDescriptions.run(PickleRunners.java:148)\r\n\tat io.cucumber.junit.FeatureRunner.runChild(FeatureRunner.java:144)\r\n\tat io.cucumber.junit.FeatureRunner.runChild(FeatureRunner.java:28)\r\n\tat org.junit.runners.ParentRunner$4.run(ParentRunner.java:331)\r\n\tat org.junit.runners.ParentRunner$1.schedule(ParentRunner.java:79)\r\n\tat org.junit.runners.ParentRunner.runChildren(ParentRunner.java:329)\r\n\tat org.junit.runners.ParentRunner.access$100(ParentRunner.java:66)\r\n\tat org.junit.runners.ParentRunner$2.evaluate(ParentRunner.java:293)\r\n\tat org.junit.runners.ParentRunner$3.evaluate(ParentRunner.java:306)\r\n\tat org.junit.runners.ParentRunner.run(ParentRunner.java:413)\r\n\tat io.cucumber.junit.FeatureRunner.run(FeatureRunner.java:137)\r\n\tat io.cucumber.junit.Cucumber.runChild(Cucumber.java:196)\r\n\tat io.cucumber.junit.Cucumber.runChild(Cucumber.java:89)\r\n\tat org.junit.runners.ParentRunner$4.run(ParentRunner.java:331)\r\n\tat org.junit.runners.ParentRunner$1.schedule(ParentRunner.java:79)\r\n\tat org.junit.runners.ParentRunner.runChildren(ParentRunner.java:329)\r\n\tat org.junit.runners.ParentRunner.access$100(ParentRunner.java:66)\r\n\tat org.junit.runners.ParentRunner$2.evaluate(ParentRunner.java:293)\r\n\tat io.cucumber.junit.Cucumber$RunBeforeAllHooks.evaluate(Cucumber.java:266)\r\n\tat io.cucumber.junit.Cucumber$RunAfterAllHooks.evaluate(Cucumber.java:281)\r\n\tat io.cucumber.junit.Cucumber$StartTestRun.evaluate(Cucumber.java:233)\r\n\tat io.cucumber.junit.Cucumber$FinishTestRun.evaluate(Cucumber.java:248)\r\n\tat org.junit.runners.ParentRunner$3.evaluate(ParentRunner.java:306)\r\n\tat org.junit.runners.ParentRunner.run(ParentRunner.java:413)\r\n\tat org.junit.runner.JUnitCore.run(JUnitCore.java:137)\r\n\tat com.intellij.junit4.JUnit4IdeaTestRunner.startRunnerWithArgs(JUnit4IdeaTestRunner.java:69)\r\n\tat com.intellij.rt.junit.IdeaTestRunner$Repeater$1.execute(IdeaTestRunner.java:38)\r\n\tat com.intellij.rt.execution.junit.TestsRepeater.repeat(TestsRepeater.java:11)\r\n\tat com.intellij.rt.junit.IdeaTestRunner$Repeater.startRunnerWithArgs(IdeaTestRunner.java:35)\r\n\tat com.intellij.rt.junit.JUnitStarter.prepareStreamsAndStart(JUnitStarter.java:235)\r\n\tat com.intellij.rt.junit.JUnitStarter.main(JUnitStarter.java:54)\r\nCaused by: java.lang.reflect.InvocationTargetException\r\n\tat java.base/jdk.internal.reflect.DirectConstructorHandleAccessor.newInstance(DirectConstructorHandleAccessor.java:79)\r\n\tat java.base/java.lang.reflect.Constructor.newInstanceWithCaller(Constructor.java:499)\r\n\tat java.base/java.lang.reflect.Constructor.newInstance(Constructor.java:483)\r\n\tat io.cucumber.core.backend.DefaultObjectFactory.cacheNewInstance(DefaultObjectFactory.java:53)\r\n\t... 46 more\r\nCaused by: org.openqa.selenium.NoSuchWindowException: no such window: target window already closed\nfrom unknown error: web view not found\n  (Session info: chrome=109.0.5414.120)\nBuild info: version: '4.7.2', revision: '4d4020c3b7'\nSystem info: os.name: 'Windows 10', os.arch: 'amd64', os.version: '10.0', java.version: '18.0.2'\nDriver info: org.openqa.selenium.chrome.ChromeDriver\nCommand: [2fbc9bb52b92e6db1570376a3e04a822, maximizeCurrentWindow {}]\nCapabilities {acceptInsecureCerts: false, browserName: chrome, browserVersion: 109.0.5414.120, chrome: {chromedriverVersion: 109.0.5414.74 (e7c5703604da..., userDataDir: C:\\Users\\SAMSUNG\\AppData\\Lo...}, goog:chromeOptions: {debuggerAddress: localhost:54971}, networkConnectionEnabled: false, pageLoadStrategy: normal, platformName: WINDOWS, proxy: Proxy(), se:cdp: ws://localhost:54971/devtoo..., se:cdpVersion: 109.0.5414.120, setWindowRect: true, strictFileInteractability: false, timeouts: {implicit: 0, pageLoad: 300000, script: 30000}, unhandledPromptBehavior: dismiss and notify, webauthn:extension:credBlob: true, webauthn:extension:largeBlob: true, webauthn:virtualAuthenticators: true}\nSession ID: 2fbc9bb52b92e6db1570376a3e04a822\r\n\tat java.base/jdk.internal.reflect.DirectConstructorHandleAccessor.newInstance(DirectConstructorHandleAccessor.java:67)\r\n\tat java.base/java.lang.reflect.Constructor.newInstanceWithCaller(Constructor.java:499)\r\n\tat java.base/java.lang.reflect.Constructor.newInstance(Constructor.java:483)\r\n\tat org.openqa.selenium.remote.codec.w3c.W3CHttpResponseCodec.createException(W3CHttpResponseCodec.java:200)\r\n\tat org.openqa.selenium.remote.codec.w3c.W3CHttpResponseCodec.decode(W3CHttpResponseCodec.java:133)\r\n\tat org.openqa.selenium.remote.codec.w3c.W3CHttpResponseCodec.decode(W3CHttpResponseCodec.java:53)\r\n\tat org.openqa.selenium.remote.HttpCommandExecutor.execute(HttpCommandExecutor.java:184)\r\n\tat org.openqa.selenium.remote.service.DriverCommandExecutor.invokeExecute(DriverCommandExecutor.java:167)\r\n\tat org.openqa.selenium.remote.service.DriverCommandExecutor.execute(DriverCommandExecutor.java:142)\r\n\tat org.openqa.selenium.remote.RemoteWebDriver.execute(RemoteWebDriver.java:535)\r\n\tat org.openqa.selenium.remote.RemoteWebDriver.execute(RemoteWebDriver.java:590)\r\n\tat org.openqa.selenium.remote.RemoteWebDriver.execute(RemoteWebDriver.java:594)\r\n\tat org.openqa.selenium.remote.RemoteWebDriver$RemoteWebDriverOptions$RemoteWindow.maximize(RemoteWebDriver.java:946)\r\n\tat utilities.Driver.getDriver(Driver.java:51)\r\n\tat pages.DataTablesPage.<init>(DataTablesPage.java:11)\r\n\tat stepdefinitions.DataTablesStepDefinitions.<init>(DataTablesStepDefinitions.java:13)\r\n\tat java.base/jdk.internal.reflect.DirectConstructorHandleAccessor.newInstance(DirectConstructorHandleAccessor.java:67)\r\n\t... 49 more\r\n","duration":19987000,"status":"failed"},"line":5,"name":"user is on \"https://medunna.com/\" page","match":{"arguments":[{"val":"\"https://medunna.com/\"","offset":11}],"location":"stepdefinitions.DataTablesStepDefinitions.user_is_on_page(java.lang.String)"},"keyword":"Given "},{"result":{"status":"skipped"},"line":6,"name":"click on user icon","match":{"location":"stepdefinitions.MedunnaSignInStepDefinitions.click_on_user_icon()"},"keyword":"When "},{"result":{"status":"skipped"},"line":7,"name":"click on Sign In option","match":{"location":"stepdefinitions.MedunnaSignInStepDefinitions.click_on_sign_in_option()"},"keyword":"And "},{"result":{"status":"skipped"},"line":8,"name":"enter \"john_doe\" in Username input","match":{"arguments":[{"val":"\"john_doe\"","offset":6}],"location":"stepdefinitions.MedunnaSignInStepDefinitions.enter_in_username_input(java.lang.String)"},"keyword":"And "},{"result":{"duration":999000,"status":"skipped"},"line":9,"name":"enter \"John.123\" in Password input","match":{"arguments":[{"val":"\"John.123\"","offset":6}],"location":"stepdefinitions.MedunnaSignInStepDefinitions.enter_in_password_input(java.lang.String)"},"keyword":"And "},{"result":{"duration":998700,"status":"skipped"},"line":10,"name":"click on Remember Me checkbox","match":{"location":"stepdefinitions.MedunnaSignInStepDefinitions.click_on_remember_me_checkbox()"},"keyword":"And "},{"result":{"status":"skipped"},"line":11,"name":"click on Sign In submit button","match":{"location":"stepdefinitions.MedunnaSignInStepDefinitions.click_on_sign_in_submit_button()"},"keyword":"And "}]},{"start_timestamp":"2023-01-27T17:56:15.756Z","before":[{"result":{"status":"passed"},"match":{"location":"hooks.Hooks.setUpScenario()"}}],"line":29,"name":"Create Room","description":"","id":"medunna-room-creation;create-room;;3","after":[{"result":{"error_message":"org.openqa.selenium.NoSuchWindowException: no such window: target window already closed\nfrom unknown error: web view not found\n  (Session info: chrome=109.0.5414.120)\nBuild info: version: '4.7.2', revision: '4d4020c3b7'\nSystem info: os.name: 'Windows 10', os.arch: 'amd64', os.version: '10.0', java.version: '18.0.2'\nDriver info: org.openqa.selenium.chrome.ChromeDriver\nCommand: [2fbc9bb52b92e6db1570376a3e04a822, maximizeCurrentWindow {}]\nCapabilities {acceptInsecureCerts: false, browserName: chrome, browserVersion: 109.0.5414.120, chrome: {chromedriverVersion: 109.0.5414.74 (e7c5703604da..., userDataDir: C:\\Users\\SAMSUNG\\AppData\\Lo...}, goog:chromeOptions: {debuggerAddress: localhost:54971}, networkConnectionEnabled: false, pageLoadStrategy: normal, platformName: WINDOWS, proxy: Proxy(), se:cdp: ws://localhost:54971/devtoo..., se:cdpVersion: 109.0.5414.120, setWindowRect: true, strictFileInteractability: false, timeouts: {implicit: 0, pageLoad: 300000, script: 30000}, unhandledPromptBehavior: dismiss and notify, webauthn:extension:credBlob: true, webauthn:extension:largeBlob: true, webauthn:virtualAuthenticators: true}\nSession ID: 2fbc9bb52b92e6db1570376a3e04a822\r\n\tat java.base/jdk.internal.reflect.DirectConstructorHandleAccessor.newInstance(DirectConstructorHandleAccessor.java:67)\r\n\tat java.base/java.lang.reflect.Constructor.newInstanceWithCaller(Constructor.java:499)\r\n\tat java.base/java.lang.reflect.Constructor.newInstance(Constructor.java:483)\r\n\tat org.openqa.selenium.remote.codec.w3c.W3CHttpResponseCodec.createException(W3CHttpResponseCodec.java:200)\r\n\tat org.openqa.selenium.remote.codec.w3c.W3CHttpResponseCodec.decode(W3CHttpResponseCodec.java:133)\r\n\tat org.openqa.selenium.remote.codec.w3c.W3CHttpResponseCodec.decode(W3CHttpResponseCodec.java:53)\r\n\tat org.openqa.selenium.remote.HttpCommandExecutor.execute(HttpCommandExecutor.java:184)\r\n\tat org.openqa.selenium.remote.service.DriverCommandExecutor.invokeExecute(DriverCommandExecutor.java:167)\r\n\tat org.openqa.selenium.remote.service.DriverCommandExecutor.execute(DriverCommandExecutor.java:142)\r\n\tat org.openqa.selenium.remote.RemoteWebDriver.execute(RemoteWebDriver.java:535)\r\n\tat org.openqa.selenium.remote.RemoteWebDriver.execute(RemoteWebDriver.java:590)\r\n\tat org.openqa.selenium.remote.RemoteWebDriver.execute(RemoteWebDriver.java:594)\r\n\tat org.openqa.selenium.remote.RemoteWebDriver$RemoteWebDriverOptions$RemoteWindow.maximize(RemoteWebDriver.java:946)\r\n\tat utilities.Driver.getDriver(Driver.java:51)\r\n\tat hooks.Hooks.tearDownScenario(Hooks.java:23)\r\n","duration":16989200,"status":"failed"},"match":{"location":"hooks.Hooks.tearDownScenario(io.cucumber.java.Scenario)"}}],"type":"scenario","keyword":"Scenario Outline","steps":[{"result":{"duration":1000100,"status":"skipped"},"line":14,"name":"click on Items&Titles","match":{"location":"stepdefinitions.MedunnaRoomStepDefinitions.click_on_items_titles()"},"keyword":"And "},{"result":{"status":"skipped"},"line":15,"name":"click on Room option","match":{"location":"stepdefinitions.MedunnaRoomStepDefinitions.click_on_room_option()"},"keyword":"And "},{"result":{"status":"skipped"},"line":16,"name":"click on Create a new room button","match":{"location":"stepdefinitions.MedunnaRoomStepDefinitions.click_on_create_a_new_room_button()"},"keyword":"And "},{"result":{"status":"skipped"},"line":17,"name":"enter \"22222\" room number input","match":{"arguments":[{"val":"\"22222\"","offset":6}],"location":"stepdefinitions.MedunnaRoomStepDefinitions.enterRoomNumberInput(java.lang.String)"},"keyword":"And "},{"result":{"duration":1000100,"status":"skipped"},"line":18,"name":"select Suite option from Room Type dropdown","match":{"location":"stepdefinitions.MedunnaRoomStepDefinitions.select_suite_option_from_room_type_dropdown()"},"keyword":"And "},{"result":{"duration":998800,"status":"skipped"},"line":19,"name":"click on Status checkbox","match":{"location":"stepdefinitions.MedunnaRoomStepDefinitions.click_on_status_checkbox()"},"keyword":"And "},{"result":{"status":"skipped"},"line":20,"name":"enter \"500\" in Price input","match":{"arguments":[{"val":"\"500\"","offset":6}],"location":"stepdefinitions.MedunnaRoomStepDefinitions.enter_in_price_input(java.lang.String)"},"keyword":"And "},{"result":{"duration":1000200,"status":"skipped"},"line":21,"name":"enter \"very good\"> in Description input","match":{"arguments":[{"val":"\"very good\"","offset":6}],"location":"stepdefinitions.MedunnaRoomStepDefinitions.enter_in_description_input(java.lang.String)"},"keyword":"And "},{"result":{"duration":1007400,"status":"skipped"},"line":22,"name":"click on Save button","match":{"location":"stepdefinitions.MedunnaRoomStepDefinitions.click_on_save_button()"},"keyword":"And "},{"result":{"status":"skipped"},"line":23,"name":"click on Created Date","match":{"location":"stepdefinitions.MedunnaRoomStepDefinitions.click_on_created_date()"},"keyword":"And "},{"result":{"status":"skipped"},"line":24,"name":"assert that room is created via \"22222\"","match":{"arguments":[{"val":"\"22222\"","offset":32}],"location":"stepdefinitions.MedunnaRoomStepDefinitions.assert_that_room_is_created_via(java.lang.String)"},"keyword":"Then "},{"result":{"status":"skipped"},"line":25,"name":"close the application","match":{"location":"stepdefinitions.GoogleStepDefinitions.close_the_application()"},"keyword":"And "}],"tags":[{"name":"@MedunnaRoom"}]},{"line":4,"name":"Sign In Medunna","description":"","type":"background","keyword":"Background","steps":[{"result":{"error_message":"io.cucumber.core.exception.CucumberException: Failed to instantiate class stepdefinitions.DataTablesStepDefinitions\r\n\tat io.cucumber.core.backend.DefaultObjectFactory.cacheNewInstance(DefaultObjectFactory.java:67)\r\n\tat io.cucumber.core.backend.DefaultObjectFactory.getInstance(DefaultObjectFactory.java:45)\r\n\tat io.cucumber.java.AbstractGlueDefinition.invokeMethod(AbstractGlueDefinition.java:47)\r\n\tat io.cucumber.java.JavaStepDefinition.execute(JavaStepDefinition.java:29)\r\n\tat io.cucumber.core.runner.CoreStepDefinition.execute(CoreStepDefinition.java:66)\r\n\tat io.cucumber.core.runner.PickleStepDefinitionMatch.runStep(PickleStepDefinitionMatch.java:63)\r\n\tat io.cucumber.core.runner.ExecutionMode$1.execute(ExecutionMode.java:10)\r\n\tat io.cucumber.core.runner.TestStep.executeStep(TestStep.java:84)\r\n\tat io.cucumber.core.runner.TestStep.run(TestStep.java:56)\r\n\tat io.cucumber.core.runner.PickleStepTestStep.run(PickleStepTestStep.java:51)\r\n\tat io.cucumber.core.runner.TestCase.run(TestCase.java:84)\r\n\tat io.cucumber.core.runner.Runner.runPickle(Runner.java:75)\r\n\tat io.cucumber.junit.PickleRunners$NoStepDescriptions.lambda$run$0(PickleRunners.java:151)\r\n\tat io.cucumber.core.runtime.CucumberExecutionContext.lambda$runTestCase$5(CucumberExecutionContext.java:130)\r\n\tat io.cucumber.core.runtime.RethrowingThrowableCollector.executeAndThrow(RethrowingThrowableCollector.java:23)\r\n\tat io.cucumber.core.runtime.CucumberExecutionContext.runTestCase(CucumberExecutionContext.java:130)\r\n\tat io.cucumber.junit.PickleRunners$NoStepDescriptions.run(PickleRunners.java:148)\r\n\tat io.cucumber.junit.FeatureRunner.runChild(FeatureRunner.java:144)\r\n\tat io.cucumber.junit.FeatureRunner.runChild(FeatureRunner.java:28)\r\n\tat org.junit.runners.ParentRunner$4.run(ParentRunner.java:331)\r\n\tat org.junit.runners.ParentRunner$1.schedule(ParentRunner.java:79)\r\n\tat org.junit.runners.ParentRunner.runChildren(ParentRunner.java:329)\r\n\tat org.junit.runners.ParentRunner.access$100(ParentRunner.java:66)\r\n\tat org.junit.runners.ParentRunner$2.evaluate(ParentRunner.java:293)\r\n\tat org.junit.runners.ParentRunner$3.evaluate(ParentRunner.java:306)\r\n\tat org.junit.runners.ParentRunner.run(ParentRunner.java:413)\r\n\tat io.cucumber.junit.FeatureRunner.run(FeatureRunner.java:137)\r\n\tat io.cucumber.junit.Cucumber.runChild(Cucumber.java:196)\r\n\tat io.cucumber.junit.Cucumber.runChild(Cucumber.java:89)\r\n\tat org.junit.runners.ParentRunner$4.run(ParentRunner.java:331)\r\n\tat org.junit.runners.ParentRunner$1.schedule(ParentRunner.java:79)\r\n\tat org.junit.runners.ParentRunner.runChildren(ParentRunner.java:329)\r\n\tat org.junit.runners.ParentRunner.access$100(ParentRunner.java:66)\r\n\tat org.junit.runners.ParentRunner$2.evaluate(ParentRunner.java:293)\r\n\tat io.cucumber.junit.Cucumber$RunBeforeAllHooks.evaluate(Cucumber.java:266)\r\n\tat io.cucumber.junit.Cucumber$RunAfterAllHooks.evaluate(Cucumber.java:281)\r\n\tat io.cucumber.junit.Cucumber$StartTestRun.evaluate(Cucumber.java:233)\r\n\tat io.cucumber.junit.Cucumber$FinishTestRun.evaluate(Cucumber.java:248)\r\n\tat org.junit.runners.ParentRunner$3.evaluate(ParentRunner.java:306)\r\n\tat org.junit.runners.ParentRunner.run(ParentRunner.java:413)\r\n\tat org.junit.runner.JUnitCore.run(JUnitCore.java:137)\r\n\tat com.intellij.junit4.JUnit4IdeaTestRunner.startRunnerWithArgs(JUnit4IdeaTestRunner.java:69)\r\n\tat com.intellij.rt.junit.IdeaTestRunner$Repeater$1.execute(IdeaTestRunner.java:38)\r\n\tat com.intellij.rt.execution.junit.TestsRepeater.repeat(TestsRepeater.java:11)\r\n\tat com.intellij.rt.junit.IdeaTestRunner$Repeater.startRunnerWithArgs(IdeaTestRunner.java:35)\r\n\tat com.intellij.rt.junit.JUnitStarter.prepareStreamsAndStart(JUnitStarter.java:235)\r\n\tat com.intellij.rt.junit.JUnitStarter.main(JUnitStarter.java:54)\r\nCaused by: java.lang.reflect.InvocationTargetException\r\n\tat java.base/jdk.internal.reflect.DirectConstructorHandleAccessor.newInstance(DirectConstructorHandleAccessor.java:79)\r\n\tat java.base/java.lang.reflect.Constructor.newInstanceWithCaller(Constructor.java:499)\r\n\tat java.base/java.lang.reflect.Constructor.newInstance(Constructor.java:483)\r\n\tat io.cucumber.core.backend.DefaultObjectFactory.cacheNewInstance(DefaultObjectFactory.java:53)\r\n\t... 46 more\r\nCaused by: org.openqa.selenium.NoSuchWindowException: no such window: target window already closed\nfrom unknown error: web view not found\n  (Session info: chrome=109.0.5414.120)\nBuild info: version: '4.7.2', revision: '4d4020c3b7'\nSystem info: os.name: 'Windows 10', os.arch: 'amd64', os.version: '10.0', java.version: '18.0.2'\nDriver info: org.openqa.selenium.chrome.ChromeDriver\nCommand: [2fbc9bb52b92e6db1570376a3e04a822, maximizeCurrentWindow {}]\nCapabilities {acceptInsecureCerts: false, browserName: chrome, browserVersion: 109.0.5414.120, chrome: {chromedriverVersion: 109.0.5414.74 (e7c5703604da..., userDataDir: C:\\Users\\SAMSUNG\\AppData\\Lo...}, goog:chromeOptions: {debuggerAddress: localhost:54971}, networkConnectionEnabled: false, pageLoadStrategy: normal, platformName: WINDOWS, proxy: Proxy(), se:cdp: ws://localhost:54971/devtoo..., se:cdpVersion: 109.0.5414.120, setWindowRect: true, strictFileInteractability: false, timeouts: {implicit: 0, pageLoad: 300000, script: 30000}, unhandledPromptBehavior: dismiss and notify, webauthn:extension:credBlob: true, webauthn:extension:largeBlob: true, webauthn:virtualAuthenticators: true}\nSession ID: 2fbc9bb52b92e6db1570376a3e04a822\r\n\tat java.base/jdk.internal.reflect.DirectConstructorHandleAccessor.newInstance(DirectConstructorHandleAccessor.java:67)\r\n\tat java.base/java.lang.reflect.Constructor.newInstanceWithCaller(Constructor.java:499)\r\n\tat java.base/java.lang.reflect.Constructor.newInstance(Constructor.java:483)\r\n\tat org.openqa.selenium.remote.codec.w3c.W3CHttpResponseCodec.createException(W3CHttpResponseCodec.java:200)\r\n\tat org.openqa.selenium.remote.codec.w3c.W3CHttpResponseCodec.decode(W3CHttpResponseCodec.java:133)\r\n\tat org.openqa.selenium.remote.codec.w3c.W3CHttpResponseCodec.decode(W3CHttpResponseCodec.java:53)\r\n\tat org.openqa.selenium.remote.HttpCommandExecutor.execute(HttpCommandExecutor.java:184)\r\n\tat org.openqa.selenium.remote.service.DriverCommandExecutor.invokeExecute(DriverCommandExecutor.java:167)\r\n\tat org.openqa.selenium.remote.service.DriverCommandExecutor.execute(DriverCommandExecutor.java:142)\r\n\tat org.openqa.selenium.remote.RemoteWebDriver.execute(RemoteWebDriver.java:535)\r\n\tat org.openqa.selenium.remote.RemoteWebDriver.execute(RemoteWebDriver.java:590)\r\n\tat org.openqa.selenium.remote.RemoteWebDriver.execute(RemoteWebDriver.java:594)\r\n\tat org.openqa.selenium.remote.RemoteWebDriver$RemoteWebDriverOptions$RemoteWindow.maximize(RemoteWebDriver.java:946)\r\n\tat utilities.Driver.getDriver(Driver.java:51)\r\n\tat pages.DataTablesPage.<init>(DataTablesPage.java:11)\r\n\tat stepdefinitions.DataTablesStepDefinitions.<init>(DataTablesStepDefinitions.java:13)\r\n\tat java.base/jdk.internal.reflect.DirectConstructorHandleAccessor.newInstance(DirectConstructorHandleAccessor.java:67)\r\n\t... 49 more\r\n","duration":42972500,"status":"failed"},"line":5,"name":"user is on \"https://medunna.com/\" page","match":{"arguments":[{"val":"\"https://medunna.com/\"","offset":11}],"location":"stepdefinitions.DataTablesStepDefinitions.user_is_on_page(java.lang.String)"},"keyword":"Given "},{"result":{"status":"skipped"},"line":6,"name":"click on user icon","match":{"location":"stepdefinitions.MedunnaSignInStepDefinitions.click_on_user_icon()"},"keyword":"When "},{"result":{"status":"skipped"},"line":7,"name":"click on Sign In option","match":{"location":"stepdefinitions.MedunnaSignInStepDefinitions.click_on_sign_in_option()"},"keyword":"And "},{"result":{"status":"skipped"},"line":8,"name":"enter \"john_doe\" in Username input","match":{"arguments":[{"val":"\"john_doe\"","offset":6}],"location":"stepdefinitions.MedunnaSignInStepDefinitions.enter_in_username_input(java.lang.String)"},"keyword":"And "},{"result":{"status":"skipped"},"line":9,"name":"enter \"John.123\" in Password input","match":{"arguments":[{"val":"\"John.123\"","offset":6}],"location":"stepdefinitions.MedunnaSignInStepDefinitions.enter_in_password_input(java.lang.String)"},"keyword":"And "},{"result":{"status":"skipped"},"line":10,"name":"click on Remember Me checkbox","match":{"location":"stepdefinitions.MedunnaSignInStepDefinitions.click_on_remember_me_checkbox()"},"keyword":"And "},{"result":{"status":"skipped"},"line":11,"name":"click on Sign In submit button","match":{"location":"stepdefinitions.MedunnaSignInStepDefinitions.click_on_sign_in_submit_button()"},"keyword":"And "}]},{"start_timestamp":"2023-01-27T17:56:15.877Z","before":[{"result":{"status":"passed"},"match":{"location":"hooks.Hooks.setUpScenario()"}}],"line":30,"name":"Create Room","description":"","id":"medunna-room-creation;create-room;;4","after":[{"result":{"error_message":"org.openqa.selenium.NoSuchWindowException: no such window: target window already closed\nfrom unknown error: web view not found\n  (Session info: chrome=109.0.5414.120)\nBuild info: version: '4.7.2', revision: '4d4020c3b7'\nSystem info: os.name: 'Windows 10', os.arch: 'amd64', os.version: '10.0', java.version: '18.0.2'\nDriver info: org.openqa.selenium.chrome.ChromeDriver\nCommand: [2fbc9bb52b92e6db1570376a3e04a822, maximizeCurrentWindow {}]\nCapabilities {acceptInsecureCerts: false, browserName: chrome, browserVersion: 109.0.5414.120, chrome: {chromedriverVersion: 109.0.5414.74 (e7c5703604da..., userDataDir: C:\\Users\\SAMSUNG\\AppData\\Lo...}, goog:chromeOptions: {debuggerAddress: localhost:54971}, networkConnectionEnabled: false, pageLoadStrategy: normal, platformName: WINDOWS, proxy: Proxy(), se:cdp: ws://localhost:54971/devtoo..., se:cdpVersion: 109.0.5414.120, setWindowRect: true, strictFileInteractability: false, timeouts: {implicit: 0, pageLoad: 300000, script: 30000}, unhandledPromptBehavior: dismiss and notify, webauthn:extension:credBlob: true, webauthn:extension:largeBlob: true, webauthn:virtualAuthenticators: true}\nSession ID: 2fbc9bb52b92e6db1570376a3e04a822\r\n\tat java.base/jdk.internal.reflect.DirectConstructorHandleAccessor.newInstance(DirectConstructorHandleAccessor.java:67)\r\n\tat java.base/java.lang.reflect.Constructor.newInstanceWithCaller(Constructor.java:499)\r\n\tat java.base/java.lang.reflect.Constructor.newInstance(Constructor.java:483)\r\n\tat org.openqa.selenium.remote.codec.w3c.W3CHttpResponseCodec.createException(W3CHttpResponseCodec.java:200)\r\n\tat org.openqa.selenium.remote.codec.w3c.W3CHttpResponseCodec.decode(W3CHttpResponseCodec.java:133)\r\n\tat org.openqa.selenium.remote.codec.w3c.W3CHttpResponseCodec.decode(W3CHttpResponseCodec.java:53)\r\n\tat org.openqa.selenium.remote.HttpCommandExecutor.execute(HttpCommandExecutor.java:184)\r\n\tat org.openqa.selenium.remote.service.DriverCommandExecutor.invokeExecute(DriverCommandExecutor.java:167)\r\n\tat org.openqa.selenium.remote.service.DriverCommandExecutor.execute(DriverCommandExecutor.java:142)\r\n\tat org.openqa.selenium.remote.RemoteWebDriver.execute(RemoteWebDriver.java:535)\r\n\tat org.openqa.selenium.remote.RemoteWebDriver.execute(RemoteWebDriver.java:590)\r\n\tat org.openqa.selenium.remote.RemoteWebDriver.execute(RemoteWebDriver.java:594)\r\n\tat org.openqa.selenium.remote.RemoteWebDriver$RemoteWebDriverOptions$RemoteWindow.maximize(RemoteWebDriver.java:946)\r\n\tat utilities.Driver.getDriver(Driver.java:51)\r\n\tat hooks.Hooks.tearDownScenario(Hooks.java:23)\r\n","duration":15989700,"status":"failed"},"match":{"location":"hooks.Hooks.tearDownScenario(io.cucumber.java.Scenario)"}}],"type":"scenario","keyword":"Scenario Outline","steps":[{"result":{"status":"skipped"},"line":14,"name":"click on Items&Titles","match":{"location":"stepdefinitions.MedunnaRoomStepDefinitions.click_on_items_titles()"},"keyword":"And "},{"result":{"status":"skipped"},"line":15,"name":"click on Room option","match":{"location":"stepdefinitions.MedunnaRoomStepDefinitions.click_on_room_option()"},"keyword":"And "},{"result":{"status":"skipped"},"line":16,"name":"click on Create a new room button","match":{"location":"stepdefinitions.MedunnaRoomStepDefinitions.click_on_create_a_new_room_button()"},"keyword":"And "},{"result":{"status":"skipped"},"line":17,"name":"enter \"33333\" room number input","match":{"arguments":[{"val":"\"33333\"","offset":6}],"location":"stepdefinitions.MedunnaRoomStepDefinitions.enterRoomNumberInput(java.lang.String)"},"keyword":"And "},{"result":{"duration":1998100,"status":"skipped"},"line":18,"name":"select Suite option from Room Type dropdown","match":{"location":"stepdefinitions.MedunnaRoomStepDefinitions.select_suite_option_from_room_type_dropdown()"},"keyword":"And "},{"result":{"status":"skipped"},"line":19,"name":"click on Status checkbox","match":{"location":"stepdefinitions.MedunnaRoomStepDefinitions.click_on_status_checkbox()"},"keyword":"And "},{"result":{"duration":998500,"status":"skipped"},"line":20,"name":"enter \"300\" in Price input","match":{"arguments":[{"val":"\"300\"","offset":6}],"location":"stepdefinitions.MedunnaRoomStepDefinitions.enter_in_price_input(java.lang.String)"},"keyword":"And "},{"result":{"duration":999900,"status":"skipped"},"line":21,"name":"enter \"perfect\"> in Description input","match":{"arguments":[{"val":"\"perfect\"","offset":6}],"location":"stepdefinitions.MedunnaRoomStepDefinitions.enter_in_description_input(java.lang.String)"},"keyword":"And "},{"result":{"duration":998900,"status":"skipped"},"line":22,"name":"click on Save button","match":{"location":"stepdefinitions.MedunnaRoomStepDefinitions.click_on_save_button()"},"keyword":"And "},{"result":{"status":"skipped"},"line":23,"name":"click on Created Date","match":{"location":"stepdefinitions.MedunnaRoomStepDefinitions.click_on_created_date()"},"keyword":"And "},{"result":{"duration":999500,"status":"skipped"},"line":24,"name":"assert that room is created via \"33333\"","match":{"arguments":[{"val":"\"33333\"","offset":32}],"location":"stepdefinitions.MedunnaRoomStepDefinitions.assert_that_room_is_created_via(java.lang.String)"},"keyword":"Then "},{"result":{"duration":999200,"status":"skipped"},"line":25,"name":"close the application","match":{"location":"stepdefinitions.GoogleStepDefinitions.close_the_application()"},"keyword":"And "}],"tags":[{"name":"@MedunnaRoom"}]},{"line":4,"name":"Sign In Medunna","description":"","type":"background","keyword":"Background","steps":[{"result":{"error_message":"io.cucumber.core.exception.CucumberException: Failed to instantiate class stepdefinitions.DataTablesStepDefinitions\r\n\tat io.cucumber.core.backend.DefaultObjectFactory.cacheNewInstance(DefaultObjectFactory.java:67)\r\n\tat io.cucumber.core.backend.DefaultObjectFactory.getInstance(DefaultObjectFactory.java:45)\r\n\tat io.cucumber.java.AbstractGlueDefinition.invokeMethod(AbstractGlueDefinition.java:47)\r\n\tat io.cucumber.java.JavaStepDefinition.execute(JavaStepDefinition.java:29)\r\n\tat io.cucumber.core.runner.CoreStepDefinition.execute(CoreStepDefinition.java:66)\r\n\tat io.cucumber.core.runner.PickleStepDefinitionMatch.runStep(PickleStepDefinitionMatch.java:63)\r\n\tat io.cucumber.core.runner.ExecutionMode$1.execute(ExecutionMode.java:10)\r\n\tat io.cucumber.core.runner.TestStep.executeStep(TestStep.java:84)\r\n\tat io.cucumber.core.runner.TestStep.run(TestStep.java:56)\r\n\tat io.cucumber.core.runner.PickleStepTestStep.run(PickleStepTestStep.java:51)\r\n\tat io.cucumber.core.runner.TestCase.run(TestCase.java:84)\r\n\tat io.cucumber.core.runner.Runner.runPickle(Runner.java:75)\r\n\tat io.cucumber.junit.PickleRunners$NoStepDescriptions.lambda$run$0(PickleRunners.java:151)\r\n\tat io.cucumber.core.runtime.CucumberExecutionContext.lambda$runTestCase$5(CucumberExecutionContext.java:130)\r\n\tat io.cucumber.core.runtime.RethrowingThrowableCollector.executeAndThrow(RethrowingThrowableCollector.java:23)\r\n\tat io.cucumber.core.runtime.CucumberExecutionContext.runTestCase(CucumberExecutionContext.java:130)\r\n\tat io.cucumber.junit.PickleRunners$NoStepDescriptions.run(PickleRunners.java:148)\r\n\tat io.cucumber.junit.FeatureRunner.runChild(FeatureRunner.java:144)\r\n\tat io.cucumber.junit.FeatureRunner.runChild(FeatureRunner.java:28)\r\n\tat org.junit.runners.ParentRunner$4.run(ParentRunner.java:331)\r\n\tat org.junit.runners.ParentRunner$1.schedule(ParentRunner.java:79)\r\n\tat org.junit.runners.ParentRunner.runChildren(ParentRunner.java:329)\r\n\tat org.junit.runners.ParentRunner.access$100(ParentRunner.java:66)\r\n\tat org.junit.runners.ParentRunner$2.evaluate(ParentRunner.java:293)\r\n\tat org.junit.runners.ParentRunner$3.evaluate(ParentRunner.java:306)\r\n\tat org.junit.runners.ParentRunner.run(ParentRunner.java:413)\r\n\tat io.cucumber.junit.FeatureRunner.run(FeatureRunner.java:137)\r\n\tat io.cucumber.junit.Cucumber.runChild(Cucumber.java:196)\r\n\tat io.cucumber.junit.Cucumber.runChild(Cucumber.java:89)\r\n\tat org.junit.runners.ParentRunner$4.run(ParentRunner.java:331)\r\n\tat org.junit.runners.ParentRunner$1.schedule(ParentRunner.java:79)\r\n\tat org.junit.runners.ParentRunner.runChildren(ParentRunner.java:329)\r\n\tat org.junit.runners.ParentRunner.access$100(ParentRunner.java:66)\r\n\tat org.junit.runners.ParentRunner$2.evaluate(ParentRunner.java:293)\r\n\tat io.cucumber.junit.Cucumber$RunBeforeAllHooks.evaluate(Cucumber.java:266)\r\n\tat io.cucumber.junit.Cucumber$RunAfterAllHooks.evaluate(Cucumber.java:281)\r\n\tat io.cucumber.junit.Cucumber$StartTestRun.evaluate(Cucumber.java:233)\r\n\tat io.cucumber.junit.Cucumber$FinishTestRun.evaluate(Cucumber.java:248)\r\n\tat org.junit.runners.ParentRunner$3.evaluate(ParentRunner.java:306)\r\n\tat org.junit.runners.ParentRunner.run(ParentRunner.java:413)\r\n\tat org.junit.runner.JUnitCore.run(JUnitCore.java:137)\r\n\tat com.intellij.junit4.JUnit4IdeaTestRunner.startRunnerWithArgs(JUnit4IdeaTestRunner.java:69)\r\n\tat com.intellij.rt.junit.IdeaTestRunner$Repeater$1.execute(IdeaTestRunner.java:38)\r\n\tat com.intellij.rt.execution.junit.TestsRepeater.repeat(TestsRepeater.java:11)\r\n\tat com.intellij.rt.junit.IdeaTestRunner$Repeater.startRunnerWithArgs(IdeaTestRunner.java:35)\r\n\tat com.intellij.rt.junit.JUnitStarter.prepareStreamsAndStart(JUnitStarter.java:235)\r\n\tat com.intellij.rt.junit.JUnitStarter.main(JUnitStarter.java:54)\r\nCaused by: java.lang.reflect.InvocationTargetException\r\n\tat java.base/jdk.internal.reflect.DirectConstructorHandleAccessor.newInstance(DirectConstructorHandleAccessor.java:79)\r\n\tat java.base/java.lang.reflect.Constructor.newInstanceWithCaller(Constructor.java:499)\r\n\tat java.base/java.lang.reflect.Constructor.newInstance(Constructor.java:483)\r\n\tat io.cucumber.core.backend.DefaultObjectFactory.cacheNewInstance(DefaultObjectFactory.java:53)\r\n\t... 46 more\r\nCaused by: org.openqa.selenium.NoSuchWindowException: no such window: target window already closed\nfrom unknown error: web view not found\n  (Session info: chrome=109.0.5414.120)\nBuild info: version: '4.7.2', revision: '4d4020c3b7'\nSystem info: os.name: 'Windows 10', os.arch: 'amd64', os.version: '10.0', java.version: '18.0.2'\nDriver info: org.openqa.selenium.chrome.ChromeDriver\nCommand: [2fbc9bb52b92e6db1570376a3e04a822, maximizeCurrentWindow {}]\nCapabilities {acceptInsecureCerts: false, browserName: chrome, browserVersion: 109.0.5414.120, chrome: {chromedriverVersion: 109.0.5414.74 (e7c5703604da..., userDataDir: C:\\Users\\SAMSUNG\\AppData\\Lo...}, goog:chromeOptions: {debuggerAddress: localhost:54971}, networkConnectionEnabled: false, pageLoadStrategy: normal, platformName: WINDOWS, proxy: Proxy(), se:cdp: ws://localhost:54971/devtoo..., se:cdpVersion: 109.0.5414.120, setWindowRect: true, strictFileInteractability: false, timeouts: {implicit: 0, pageLoad: 300000, script: 30000}, unhandledPromptBehavior: dismiss and notify, webauthn:extension:credBlob: true, webauthn:extension:largeBlob: true, webauthn:virtualAuthenticators: true}\nSession ID: 2fbc9bb52b92e6db1570376a3e04a822\r\n\tat java.base/jdk.internal.reflect.DirectConstructorHandleAccessor.newInstance(DirectConstructorHandleAccessor.java:67)\r\n\tat java.base/java.lang.reflect.Constructor.newInstanceWithCaller(Constructor.java:499)\r\n\tat java.base/java.lang.reflect.Constructor.newInstance(Constructor.java:483)\r\n\tat org.openqa.selenium.remote.codec.w3c.W3CHttpResponseCodec.createException(W3CHttpResponseCodec.java:200)\r\n\tat org.openqa.selenium.remote.codec.w3c.W3CHttpResponseCodec.decode(W3CHttpResponseCodec.java:133)\r\n\tat org.openqa.selenium.remote.codec.w3c.W3CHttpResponseCodec.decode(W3CHttpResponseCodec.java:53)\r\n\tat org.openqa.selenium.remote.HttpCommandExecutor.execute(HttpCommandExecutor.java:184)\r\n\tat org.openqa.selenium.remote.service.DriverCommandExecutor.invokeExecute(DriverCommandExecutor.java:167)\r\n\tat org.openqa.selenium.remote.service.DriverCommandExecutor.execute(DriverCommandExecutor.java:142)\r\n\tat org.openqa.selenium.remote.RemoteWebDriver.execute(RemoteWebDriver.java:535)\r\n\tat org.openqa.selenium.remote.RemoteWebDriver.execute(RemoteWebDriver.java:590)\r\n\tat org.openqa.selenium.remote.RemoteWebDriver.execute(RemoteWebDriver.java:594)\r\n\tat org.openqa.selenium.remote.RemoteWebDriver$RemoteWebDriverOptions$RemoteWindow.maximize(RemoteWebDriver.java:946)\r\n\tat utilities.Driver.getDriver(Driver.java:51)\r\n\tat pages.DataTablesPage.<init>(DataTablesPage.java:11)\r\n\tat stepdefinitions.DataTablesStepDefinitions.<init>(DataTablesStepDefinitions.java:13)\r\n\tat java.base/jdk.internal.reflect.DirectConstructorHandleAccessor.newInstance(DirectConstructorHandleAccessor.java:67)\r\n\t... 49 more\r\n","duration":22985700,"status":"failed"},"line":5,"name":"user is on \"https://medunna.com/\" page","match":{"arguments":[{"val":"\"https://medunna.com/\"","offset":11}],"location":"stepdefinitions.DataTablesStepDefinitions.user_is_on_page(java.lang.String)"},"keyword":"Given "},{"result":{"status":"skipped"},"line":6,"name":"click on user icon","match":{"location":"stepdefinitions.MedunnaSignInStepDefinitions.click_on_user_icon()"},"keyword":"When "},{"result":{"status":"skipped"},"line":7,"name":"click on Sign In option","match":{"location":"stepdefinitions.MedunnaSignInStepDefinitions.click_on_sign_in_option()"},"keyword":"And "},{"result":{"status":"skipped"},"line":8,"name":"enter \"john_doe\" in Username input","match":{"arguments":[{"val":"\"john_doe\"","offset":6}],"location":"stepdefinitions.MedunnaSignInStepDefinitions.enter_in_username_input(java.lang.String)"},"keyword":"And "},{"result":{"status":"skipped"},"line":9,"name":"enter \"John.123\" in Password input","match":{"arguments":[{"val":"\"John.123\"","offset":6}],"location":"stepdefinitions.MedunnaSignInStepDefinitions.enter_in_password_input(java.lang.String)"},"keyword":"And "},{"result":{"duration":999400,"status":"skipped"},"line":10,"name":"click on Remember Me checkbox","match":{"location":"stepdefinitions.MedunnaSignInStepDefinitions.click_on_remember_me_checkbox()"},"keyword":"And "},{"result":{"status":"skipped"},"line":11,"name":"click on Sign In submit button","match":{"location":"stepdefinitions.MedunnaSignInStepDefinitions.click_on_sign_in_submit_button()"},"keyword":"And "}]},{"start_timestamp":"2023-01-27T17:56:16.021Z","before":[{"result":{"status":"passed"},"match":{"location":"hooks.Hooks.setUpScenario()"}}],"line":31,"name":"Create Room","description":"","id":"medunna-room-creation;create-room;;5","after":[{"result":{"error_message":"org.openqa.selenium.NoSuchWindowException: no such window: target window already closed\nfrom unknown error: web view not found\n  (Session info: chrome=109.0.5414.120)\nBuild info: version: '4.7.2', revision: '4d4020c3b7'\nSystem info: os.name: 'Windows 10', os.arch: 'amd64', os.version: '10.0', java.version: '18.0.2'\nDriver info: org.openqa.selenium.chrome.ChromeDriver\nCommand: [2fbc9bb52b92e6db1570376a3e04a822, maximizeCurrentWindow {}]\nCapabilities {acceptInsecureCerts: false, browserName: chrome, browserVersion: 109.0.5414.120, chrome: {chromedriverVersion: 109.0.5414.74 (e7c5703604da..., userDataDir: C:\\Users\\SAMSUNG\\AppData\\Lo...}, goog:chromeOptions: {debuggerAddress: localhost:54971}, networkConnectionEnabled: false, pageLoadStrategy: normal, platformName: WINDOWS, proxy: Proxy(), se:cdp: ws://localhost:54971/devtoo..., se:cdpVersion: 109.0.5414.120, setWindowRect: true, strictFileInteractability: false, timeouts: {implicit: 0, pageLoad: 300000, script: 30000}, unhandledPromptBehavior: dismiss and notify, webauthn:extension:credBlob: true, webauthn:extension:largeBlob: true, webauthn:virtualAuthenticators: true}\nSession ID: 2fbc9bb52b92e6db1570376a3e04a822\r\n\tat java.base/jdk.internal.reflect.DirectConstructorHandleAccessor.newInstance(DirectConstructorHandleAccessor.java:67)\r\n\tat java.base/java.lang.reflect.Constructor.newInstanceWithCaller(Constructor.java:499)\r\n\tat java.base/java.lang.reflect.Constructor.newInstance(Constructor.java:483)\r\n\tat org.openqa.selenium.remote.codec.w3c.W3CHttpResponseCodec.createException(W3CHttpResponseCodec.java:200)\r\n\tat org.openqa.selenium.remote.codec.w3c.W3CHttpResponseCodec.decode(W3CHttpResponseCodec.java:133)\r\n\tat org.openqa.selenium.remote.codec.w3c.W3CHttpResponseCodec.decode(W3CHttpResponseCodec.java:53)\r\n\tat org.openqa.selenium.remote.HttpCommandExecutor.execute(HttpCommandExecutor.java:184)\r\n\tat org.openqa.selenium.remote.service.DriverCommandExecutor.invokeExecute(DriverCommandExecutor.java:167)\r\n\tat org.openqa.selenium.remote.service.DriverCommandExecutor.execute(DriverCommandExecutor.java:142)\r\n\tat org.openqa.selenium.remote.RemoteWebDriver.execute(RemoteWebDriver.java:535)\r\n\tat org.openqa.selenium.remote.RemoteWebDriver.execute(RemoteWebDriver.java:590)\r\n\tat org.openqa.selenium.remote.RemoteWebDriver.execute(RemoteWebDriver.java:594)\r\n\tat org.openqa.selenium.remote.RemoteWebDriver$RemoteWebDriverOptions$RemoteWindow.maximize(RemoteWebDriver.java:946)\r\n\tat utilities.Driver.getDriver(Driver.java:51)\r\n\tat hooks.Hooks.tearDownScenario(Hooks.java:23)\r\n","duration":21985000,"status":"failed"},"match":{"location":"hooks.Hooks.tearDownScenario(io.cucumber.java.Scenario)"}}],"type":"scenario","keyword":"Scenario Outline","steps":[{"result":{"status":"skipped"},"line":14,"name":"click on Items&Titles","match":{"location":"stepdefinitions.MedunnaRoomStepDefinitions.click_on_items_titles()"},"keyword":"And "},{"result":{"status":"skipped"},"line":15,"name":"click on Room option","match":{"location":"stepdefinitions.MedunnaRoomStepDefinitions.click_on_room_option()"},"keyword":"And "},{"result":{"status":"skipped"},"line":16,"name":"click on Create a new room button","match":{"location":"stepdefinitions.MedunnaRoomStepDefinitions.click_on_create_a_new_room_button()"},"keyword":"And "},{"result":{"status":"skipped"},"line":17,"name":"enter \"88888\" room number input","match":{"arguments":[{"val":"\"88888\"","offset":6}],"location":"stepdefinitions.MedunnaRoomStepDefinitions.enterRoomNumberInput(java.lang.String)"},"keyword":"And "},{"result":{"status":"skipped"},"line":18,"name":"select Suite option from Room Type dropdown","match":{"location":"stepdefinitions.MedunnaRoomStepDefinitions.select_suite_option_from_room_type_dropdown()"},"keyword":"And "},{"result":{"status":"skipped"},"line":19,"name":"click on Status checkbox","match":{"location":"stepdefinitions.MedunnaRoomStepDefinitions.click_on_status_checkbox()"},"keyword":"And "},{"result":{"status":"skipped"},"line":20,"name":"enter \"500\" in Price input","match":{"arguments":[{"val":"\"500\"","offset":6}],"location":"stepdefinitions.MedunnaRoomStepDefinitions.enter_in_price_input(java.lang.String)"},"keyword":"And "},{"result":{"status":"skipped"},"line":21,"name":"enter \"perfect\"> in Description input","match":{"arguments":[{"val":"\"perfect\"","offset":6}],"location":"stepdefinitions.MedunnaRoomStepDefinitions.enter_in_description_input(java.lang.String)"},"keyword":"And "},{"result":{"status":"skipped"},"line":22,"name":"click on Save button","match":{"location":"stepdefinitions.MedunnaRoomStepDefinitions.click_on_save_button()"},"keyword":"And "},{"result":{"status":"skipped"},"line":23,"name":"click on Created Date","match":{"location":"stepdefinitions.MedunnaRoomStepDefinitions.click_on_created_date()"},"keyword":"And "},{"result":{"duration":3996900,"status":"skipped"},"line":24,"name":"assert that room is created via \"88888\"","match":{"arguments":[{"val":"\"88888\"","offset":32}],"location":"stepdefinitions.MedunnaRoomStepDefinitions.assert_that_room_is_created_via(java.lang.String)"},"keyword":"Then "},{"result":{"status":"skipped"},"line":25,"name":"close the application","match":{"location":"stepdefinitions.GoogleStepDefinitions.close_the_application()"},"keyword":"And "}],"tags":[{"name":"@MedunnaRoom"}]}],"name":"Medunna Room Creation","description":"","id":"medunna-room-creation","keyword":"Feature","uri":"file:src/test/resources/features/medunna_room.feature","tags":[{"name":"@MedunnaRoom","type":"Tag","location":{"line":1,"column":1}}]}]